app/seeds.txt
com.mcdull.cert.ActivityMode.MyTitleActivity
com.mcdull.cert.ActivityMode.MyTitleActivity: MyTitleActivity()
com.mcdull.cert.Application
com.mcdull.cert.Application: Application()
com.mcdull.cert.R$anim
com.mcdull.cert.R$anim: int abc_fade_in
com.mcdull.cert.R$anim: int abc_fade_out
com.mcdull.cert.R$anim: int abc_grow_fade_in_from_bottom
com.mcdull.cert.R$anim: int abc_popup_enter
com.mcdull.cert.R$anim: int abc_popup_exit
com.mcdull.cert.R$anim: int abc_shrink_fade_out_from_bottom
com.mcdull.cert.R$anim: int abc_slide_in_bottom
com.mcdull.cert.R$anim: int abc_slide_in_top
com.mcdull.cert.R$anim: int abc_slide_out_bottom
com.mcdull.cert.R$anim: int abc_slide_out_top
com.mcdull.cert.R$anim: int alpha_in
com.mcdull.cert.R$anim: int alpha_out
com.mcdull.cert.R$anim: int design_fab_in
com.mcdull.cert.R$anim: int design_fab_out
com.mcdull.cert.R$anim: int design_snackbar_in
com.mcdull.cert.R$anim: int design_snackbar_out
com.mcdull.cert.R$anim: int show_win_in
com.mcdull.cert.R$anim: int show_win_out
com.mcdull.cert.R$attr
com.mcdull.cert.R$attr: int actionBarDivider
com.mcdull.cert.R$attr: int actionBarItemBackground
com.mcdull.cert.R$attr: int actionBarPopupTheme
com.mcdull.cert.R$attr: int actionBarSize
com.mcdull.cert.R$attr: int actionBarSplitStyle
com.mcdull.cert.R$attr: int actionBarStyle
com.mcdull.cert.R$attr: int actionBarTabBarStyle
com.mcdull.cert.R$attr: int actionBarTabStyle
com.mcdull.cert.R$attr: int actionBarTabTextStyle
com.mcdull.cert.R$attr: int actionBarTheme
com.mcdull.cert.R$attr: int actionBarWidgetTheme
com.mcdull.cert.R$attr: int actionButtonStyle
com.mcdull.cert.R$attr: int actionDropDownStyle
com.mcdull.cert.R$attr: int actionLayout
com.mcdull.cert.R$attr: int actionMenuTextAppearance
com.mcdull.cert.R$attr: int actionMenuTextColor
com.mcdull.cert.R$attr: int actionModeBackground
com.mcdull.cert.R$attr: int actionModeCloseButtonStyle
com.mcdull.cert.R$attr: int actionModeCloseDrawable
com.mcdull.cert.R$attr: int actionModeCopyDrawable
com.mcdull.cert.R$attr: int actionModeCutDrawable
com.mcdull.cert.R$attr: int actionModeFindDrawable
com.mcdull.cert.R$attr: int actionModePasteDrawable
com.mcdull.cert.R$attr: int actionModePopupWindowStyle
com.mcdull.cert.R$attr: int actionModeSelectAllDrawable
com.mcdull.cert.R$attr: int actionModeShareDrawable
com.mcdull.cert.R$attr: int actionModeSplitBackground
com.mcdull.cert.R$attr: int actionModeStyle
com.mcdull.cert.R$attr: int actionModeWebSearchDrawable
com.mcdull.cert.R$bool
com.mcdull.cert.R$bool: int abc_action_bar_embed_tabs
com.mcdull.cert.R$bool: int abc_action_bar_embed_tabs_pre_jb
com.mcdull.cert.R$bool: int abc_action_bar_expanded_action_views_exclusive
com.mcdull.cert.R$bool: int abc_config_actionMenuItemAllCaps
com.mcdull.cert.R$bool: int abc_config_allowActionMenuItemTextWithIcon
com.mcdull.cert.R$bool: int abc_config_closeDialogWhenTouchOutside
com.mcdull.cert.R$bool: int abc_config_showMenuShortcutsWhenKeyboardPresent
...
org.apache.http.protocol.ResponseDate
org.apache.http.protocol.ResponseDate: org.apache.http.protocol.HttpDateGenerator DATE_GENERATOR
org.apache.http.protocol.ResponseDate: ResponseDate()
org.apache.http.protocol.ResponseDate: void process(org.apache.http.HttpResponse,org.apache.http.protocol.HttpContext)
org.apache.http.protocol.ResponseDate: void <clinit>()
org.apache.http.protocol.ResponseServer
org.apache.http.protocol.ResponseServer: ResponseServer()
org.apache.http.protocol.ResponseServer: void process(org.apache.http.HttpResponse,org.apache.http.protocol.HttpContext)
org.apache.http.protocol.SyncBasicHttpContext
org.apache.http.protocol.SyncBasicHttpContext: SyncBasicHttpContext(org.apache.http.protocol.HttpContext)
org.apache.http.protocol.SyncBasicHttpContext: SyncBasicHttpContext()
org.apache.http.protocol.SyncBasicHttpContext: java.lang.Object getAttribute(java.lang.String)
org.apache.http.protocol.SyncBasicHttpContext: void setAttribute(java.lang.String,java.lang.Object)
org.apache.http.protocol.SyncBasicHttpContext: java.lang.Object removeAttribute(java.lang.String)
org.apache.http.protocol.SyncBasicHttpContext: void clear()
org.apache.http.protocol.UriPatternMatcher
org.apache.http.protocol.UriPatternMatcher: java.util.Map map
org.apache.http.protocol.UriPatternMatcher: UriPatternMatcher()
org.apache.http.protocol.UriPatternMatcher: void register(java.lang.String,java.lang.Object)
org.apache.http.protocol.UriPatternMatcher: void unregister(java.lang.String)
org.apache.http.protocol.UriPatternMatcher: void setHandlers(java.util.Map)
org.apache.http.protocol.UriPatternMatcher: void setObjects(java.util.Map)
org.apache.http.protocol.UriPatternMatcher: java.util.Map getObjects()
org.apache.http.protocol.UriPatternMatcher: java.lang.Object lookup(java.lang.String)
org.apache.http.protocol.UriPatternMatcher: boolean matchUriRequestPattern(java.lang.String,java.lang.String)
org.apache.http.util.ByteArrayBuffer
org.apache.http.util.ByteArrayBuffer: long serialVersionUID
org.apache.http.util.ByteArrayBuffer: byte[] buffer
org.apache.http.util.ByteArrayBuffer: int len
org.apache.http.util.ByteArrayBuffer: ByteArrayBuffer(int)
org.apache.http.util.ByteArrayBuffer: void expand(int)
org.apache.http.util.ByteArrayBuffer: void append(byte[],int,int)
org.apache.http.util.ByteArrayBuffer: void append(int)
org.apache.http.util.ByteArrayBuffer: void append(char[],int,int)
org.apache.http.util.ByteArrayBuffer: void append(org.apache.http.util.CharArrayBuffer,int,int)
org.apache.http.util.ByteArrayBuffer: void clear()
org.apache.http.util.ByteArrayBuffer: byte[] toByteArray()
org.apache.http.util.ByteArrayBuffer: int byteAt(int)
org.apache.http.util.ByteArrayBuffer: int capacity()
org.apache.http.util.ByteArrayBuffer: int length()
org.apache.http.util.ByteArrayBuffer: void ensureCapacity(int)
org.apache.http.util.ByteArrayBuffer: byte[] buffer()
org.apache.http.util.ByteArrayBuffer: void setLength(int)
org.apache.http.util.ByteArrayBuffer: boolean isEmpty()
org.apache.http.util.ByteArrayBuffer: boolean isFull()
org.apache.http.util.ByteArrayBuffer: int indexOf(byte,int,int)
org.apache.http.util.ByteArrayBuffer: int indexOf(byte)