app/mapping.txt
com.mcdull.cert.ActivityMode.MyTitleActivity -> com.mcdull.cert.ActivityMode.MyTitleActivity:
    void <init>() -> <init>
    void onCreate(android.os.Bundle) -> onCreate
    void onResume() -> onResume
    void back() -> b
com.mcdull.cert.ActivityMode.MyTitleActivity$1 -> com.mcdull.cert.ActivityMode.a:
    com.mcdull.cert.ActivityMode.MyTitleActivity this$0 -> a
    void <init>(com.mcdull.cert.ActivityMode.MyTitleActivity) -> <init>
    void onClick(android.view.View) -> onClick
com.mcdull.cert.Application -> com.mcdull.cert.Application:
    void <init>() -> <init>
    void onCreate() -> onCreate
    boolean shouldInit() -> a
com.mcdull.cert.DataBase.DataBaseUtil -> com.mcdull.cert.a.a:
    void <init>(android.content.Context) -> <init>
    void onCreate(android.database.sqlite.SQLiteDatabase) -> onCreate
    void onUpgrade(android.database.sqlite.SQLiteDatabase,int,int) -> onUpgrade
    java.util.List select() -> a
    com.mcdull.cert.domain.Course select(int) -> a
    long insert(com.mcdull.cert.domain.Course) -> a
    void delete(int) -> b
    java.lang.Boolean update(com.mcdull.cert.domain.Course) -> b
com.mcdull.cert.R -> com.mcdull.cert.R:
com.mcdull.cert.R$anim -> com.mcdull.cert.R$anim:
    int abc_fade_in -> abc_fade_in
    int abc_fade_out -> abc_fade_out
    int abc_grow_fade_in_from_bottom -> abc_grow_fade_in_from_bottom
    int abc_popup_enter -> abc_popup_enter
    int abc_popup_exit -> abc_popup_exit
    int abc_shrink_fade_out_from_bottom -> abc_shrink_fade_out_from_bottom
    int abc_slide_in_bottom -> abc_slide_in_bottom
    int abc_slide_in_top -> abc_slide_in_top
    int abc_slide_out_bottom -> abc_slide_out_bottom
    int abc_slide_out_top -> abc_slide_out_top
    int alpha_in -> alpha_in
    int alpha_out -> alpha_out
    int design_fab_in -> design_fab_in
    int design_fab_out -> design_fab_out
    int design_snackbar_in -> design_snackbar_in
    int design_snackbar_out -> design_snackbar_out
    int show_win_in -> show_win_in
    int show_win_out -> show_win_out
    void <init>() -> <init>
com.mcdull.cert.R$attr -> com.mcdull.cert.R$attr:
    int actionBarDivider -> actionBarDivider
    int actionBarItemBackground -> actionBarItemBackground
    int actionBarPopupTheme -> actionBarPopupTheme
    int actionBarSize -> actionBarSize
    int actionBarSplitStyle -> actionBarSplitStyle
    int actionBarStyle -> actionBarStyle
    int actionBarTabBarStyle -> actionBarTabBarStyle
    int actionBarTabStyle -> actionBarTabStyle
    int actionBarTabTextStyle -> actionBarTabTextStyle
    int actionBarTheme -> actionBarTheme
    int actionBarWidgetTheme -> actionBarWidgetTheme
    int actionButtonStyle -> actionButtonStyle
    int actionDropDownStyle -> actionDropDownStyle
    int actionLayout -> actionLayout
    int actionMenuTextAppearance -> actionMenuTextAppearance
    int actionMenuTextColor -> actionMenuTextColor
    int actionModeBackground -> actionModeBackground
    int actionModeCloseButtonStyle -> actionModeCloseButtonStyle
    int actionModeCloseDrawable -> actionModeCloseDrawable
    int actionModeCopyDrawable -> actionModeCopyDrawable
    int actionModeCutDrawable -> actionModeCutDrawable
    int actionModeFindDrawable -> actionModeFindDrawable
    int actionModePasteDrawable -> actionModePasteDrawable
    int actionModePopupWindowStyle -> actionModePopupWindowStyle
    int actionModeSelectAllDrawable -> actionModeSelectAllDrawable
    int actionModeShareDrawable -> actionModeShareDrawable
    int actionModeSplitBackground -> actionModeSplitBackground
...
com.alibaba.fastjson.parser.deserializer.AbstractDateDeserializer -> com.alibaba.fastjson.parser.deserializer.AbstractDateDeserializer:
    void <init>() -> <init>
    java.lang.Object deserialze(com.alibaba.fastjson.parser.DefaultJSONParser,java.lang.reflect.Type,java.lang.Object) -> deserialze
    java.lang.Object cast(com.alibaba.fastjson.parser.DefaultJSONParser,java.lang.reflect.Type,java.lang.Object,java.lang.Object) -> cast
com.alibaba.fastjson.parser.deserializer.ArrayDeserializer -> com.alibaba.fastjson.parser.deserializer.ArrayDeserializer:
    com.alibaba.fastjson.parser.deserializer.ArrayDeserializer instance -> instance
    void <init>() -> <init>
    java.lang.Object deserialze(com.alibaba.fastjson.parser.DefaultJSONParser,java.lang.reflect.Type,java.lang.Object) -> deserialze
    java.lang.Object toObjectArray(com.alibaba.fastjson.parser.DefaultJSONParser,java.lang.Class,com.alibaba.fastjson.JSONArray) -> toObjectArray
    int getFastMatchToken() -> getFastMatchToken
    void <clinit>() -> <clinit>
com.alibaba.fastjson.parser.deserializer.ArrayListTypeFieldDeserializer -> com.alibaba.fastjson.parser.deserializer.ArrayListTypeFieldDeserializer:
    java.lang.reflect.Type itemType -> itemType
    int itemFastMatchToken -> itemFastMatchToken
    com.alibaba.fastjson.parser.deserializer.ObjectDeserializer deserializer -> deserializer
    void <init>(com.alibaba.fastjson.parser.ParserConfig,java.lang.Class,com.alibaba.fastjson.util.FieldInfo) -> <init>
    int getFastMatchToken() -> getFastMatchToken
    void parseField(com.alibaba.fastjson.parser.DefaultJSONParser,java.lang.Object,java.lang.reflect.Type,java.util.Map) -> parseField
    void parseArray(com.alibaba.fastjson.parser.DefaultJSONParser,java.lang.reflect.Type,java.util.Collection) -> parseArray
com.alibaba.fastjson.parser.deserializer.AutowiredObjectDeserializer -> com.alibaba.fastjson.parser.deserializer.AutowiredObjectDeserializer:
    java.util.Set getAutowiredFor() -> getAutowiredFor
com.alibaba.fastjson.parser.deserializer.BooleanFieldDeserializer -> com.alibaba.fastjson.parser.deserializer.BooleanFieldDeserializer:
    void <init>(com.alibaba.fastjson.parser.ParserConfig,java.lang.Class,com.alibaba.fastjson.util.FieldInfo) -> <init>
    void parseField(com.alibaba.fastjson.parser.DefaultJSONParser,java.lang.Object,java.lang.reflect.Type,java.util.Map) -> parseField
    int getFastMatchToken() -> getFastMatchToken
com.alibaba.fastjson.parser.deserializer.CharArrayDeserializer -> com.alibaba.fastjson.parser.deserializer.CharArrayDeserializer:
    com.alibaba.fastjson.parser.deserializer.CharArrayDeserializer instance -> instance
    void <init>() -> <init>
    java.lang.Object deserialze(com.alibaba.fastjson.parser.DefaultJSONParser,java.lang.reflect.Type,java.lang.Object) -> deserialze
    java.lang.Object deserialze(com.alibaba.fastjson.parser.DefaultJSONParser) -> deserialze
    int getFastMatchToken() -> getFastMatchToken
    void <clinit>() -> <clinit>
com.alibaba.fastjson.parser.deserializer.ClassDerializer -> com.alibaba.fastjson.parser.deserializer.ClassDerializer:
    com.alibaba.fastjson.parser.deserializer.ClassDerializer instance -> instance
    void <init>() -> <init>
    java.lang.Object deserialze(com.alibaba.fastjson.parser.DefaultJSONParser,java.lang.reflect.Type,java.lang.Object) -> deserialze
    int getFastMatchToken() -> getFastMatchToken
    void <clinit>() -> <clinit>
com.alibaba.fastjson.parser.deserializer.CollectionDeserializer -> com.alibaba.fastjson.parser.deserializer.CollectionDeserializer:
    com.alibaba.fastjson.parser.deserializer.CollectionDeserializer instance -> instance
    void <init>() -> <init>
    java.lang.Object deserialze(com.alibaba.fastjson.parser.DefaultJSONParser,java.lang.reflect.Type,java.lang.Object) -> deserialze
    java.lang.Class getRawClass(java.lang.reflect.Type) -> getRawClass
    int getFastMatchToken() -> getFastMatchToken
    void <clinit>() -> <clinit>