app/unused.txt
com.mcdull.cert.Application:
    public static final java.lang.String APP_ID
    public static final java.lang.String APP_KEY
com.mcdull.cert.BuildConfig
com.mcdull.cert.Manifest
com.mcdull.cert.Manifest$permission
com.mcdull.cert.R:
    10:10:public R()
com.mcdull.cert.View.MyDatePickerDialog:
    16:17:public MyDatePickerDialog(android.content.Context,int,android.app.DatePickerDialog$OnDateSetListener,int,int,int)
com.mcdull.cert.activity.AddFoundActivity:
    private static final int PHOTO_REQUEST_GALLERY
    private static final int PHOTO_REQUEST_CUT
com.mcdull.cert.activity.MyDataActivity:
    private static final int PHOTO_REQUEST_GALLERY
    private static final int PHOTO_REQUEST_CUT
    34:34:static synthetic android.widget.TextView access$200(com.mcdull.cert.activity.MyDataActivity)
    34:34:static synthetic com.mcdull.cert.utils.ShowEditDialog access$300(com.mcdull.cert.activity.MyDataActivity)
com.mcdull.cert.activity.MyDataActivity$2:
    162:169:public void CallBack(android.widget.EditText)
com.mcdull.cert.activity.RepairActivity:
    private java.util.List pairList
com.mcdull.cert.activity.SettingActivity:
    public static final java.lang.String APP_ID
    public static final java.lang.String APP_KEY
com.mcdull.cert.adapter.CourseAdapter
com.mcdull.cert.adapter.ECardAdapter:
    59:61:void upDateList(java.util.List)
com.mcdull.cert.adapter.ExamAdapter:
    59:61:void upDateList(java.util.List)
com.mcdull.cert.adapter.FoundAdapter:
    26:34:public FoundAdapter(android.app.Activity,java.util.Map)
com.mcdull.cert.adapter.FoundListAdapter:
    25:32:public FoundListAdapter(android.app.Activity,java.util.List,com.mcdull.cert.adapter.FoundListAdapter$GetNextCallBack)
com.mcdull.cert.adapter.LibraryAdapter:
    57:59:void upDateList(java.util.List)
com.mcdull.cert.adapter.ReExamAdapter:
    67:69:void upDateList(java.util.List)
com.mcdull.cert.adapter.ScoreAdapter:
    58:60:void upDateList(java.util.List)
com.mcdull.cert.adapter.SelectAdapter:
    54:56:void upDateList(java.util.List)
com.mcdull.cert.domain.CollegeIdName:
    12:13:public void setCollege_id(java.lang.String)
    20:21:public void setCollege_name(java.lang.String)
com.mcdull.cert.domain.Course:
    18:26:public Course(int,java.lang.String,java.lang.String,java.lang.String,java.lang.String,java.lang.String,int)
com.mcdull.cert.domain.LocationList
com.mcdull.cert.domain.SchoolLoc:
    11:11:public SchoolLoc()
com.mcdull.cert.fragment.CourseFragment:
    private com.mcdull.cert.utils.ShowEditDialog alertDialog
com.mcdull.cert.utils.CourseUtilForSql:
    20:20:public CourseUtilForSql()
com.mcdull.cert.utils.Host
com.mcdull.cert.utils.QueryUtil
com.mcdull.cert.utils.ShowEditDialog:
    29:58:public void showDialog()
    15:15:static synthetic com.mcdull.cert.utils.ShowEditDialog$CallBack access$000(com.mcdull.cert.utils.ShowEditDialog)
    15:15:static synthetic android.app.AlertDialog access$100(com.mcdull.cert.utils.ShowEditDialog)
com.mcdull.cert.utils.ShowEditDialog$1
com.mcdull.cert.utils.ShowEditDialog$2
com.mcdull.cert.utils.ShowEditDialog$CallBack:
    public abstract void CallBack(android.widget.EditText)
com.mcdull.cert.utils.ShowWaitPopupWindow:
    32:32:public java.lang.Boolean isShowing()
com.mcdull.cert.utils.Util:
    34:34:public Util()
    153:154:public static int Px2Dp(android.content.Context,float)
    291:291:public static android.graphics.drawable.Drawable resourceToDrawable(int,android.content.Context)
...
android.support.annotation.MenuRes
android.support.annotation.NonNull
android.support.annotation.Nullable
android.support.annotation.PluralsRes
android.support.annotation.RawRes
android.support.annotation.RequiresPermission
android.support.annotation.RequiresPermission$Read
android.support.annotation.RequiresPermission$Write
android.support.annotation.Size
android.support.annotation.StringDef
android.support.annotation.StringRes
android.support.annotation.StyleRes
android.support.annotation.StyleableRes
android.support.annotation.TransitionRes
android.support.annotation.UiThread
android.support.annotation.VisibleForTesting
android.support.annotation.WorkerThread
android.support.annotation.XmlRes
android.support.design.BuildConfig
android.support.design.R:
    9:9:public R()
android.support.design.R$anim:
    10:10:public R$anim()
android.support.design.R$attr:
    26:26:public R$attr()
android.support.design.R$bool
android.support.design.R$color:
    297:297:public R$color()
android.support.design.R$dimen:
    378:378:public R$dimen()
android.support.design.R$drawable:
    478:478:public R$drawable()
android.support.design.R$id:
    545:545:public R$id()
android.support.design.R$integer
android.support.design.R$layout:
    670:670:public R$layout()
android.support.design.R$string
android.support.design.R$style:
    738:738:public R$style()
android.support.design.R$styleable:
    1057:1057:public R$styleable()
android.support.design.internal.NavigationMenuItemView:
    128:128:public boolean showsIcon()
android.support.design.internal.NavigationMenuPresenter:
    private static final java.lang.String STATE_HIERARCHY
    private static final java.lang.String STATE_ADAPTER
    121:122:public void setCallback(android.support.v7.internal.view.menu.MenuPresenter$Callback)
    219:223:public void removeHeaderView(android.view.View)
android.support.design.internal.NavigationMenuPresenter$NavigationMenuAdapter:
    private static final java.lang.String STATE_CHECKED_ITEM
    private static final int VIEW_TYPE_NORMAL
    private static final int VIEW_TYPE_SUBHEADER
    private static final int VIEW_TYPE_SEPARATOR
android.support.design.widget.AnimationUtils:
    25:42:AnimationUtils()
android.support.design.widget.AppBarLayout:
    private static final int PENDING_ACTION_NONE
    private static final int PENDING_ACTION_EXPANDED
    private static final int PENDING_ACTION_COLLAPSED
    private static final int PENDING_ACTION_ANIMATE_ENABLED
    private static final int INVALID_SCROLL_RANGE
android.support.design.widget.AppBarLayout$Behavior:
    private static final int INVALID_POINTER
    private static final int INVALID_POSITION
    629:629:public bridge synthetic int getLeftAndRightOffset()
    629:629:public bridge synthetic boolean setLeftAndRightOffset(int)
android.support.design.widget.AppBarLayout$LayoutParams:
    public static final int SCROLL_FLAG_SCROLL
    public static final int SCROLL_FLAG_EXIT_UNTIL_COLLAPSED
    public static final int SCROLL_FLAG_ENTER_ALWAYS
    public static final int SCROLL_FLAG_ENTER_ALWAYS_COLLAPSED
    static final int FLAG_QUICK_RETURN
    531:553:public AppBarLayout$LayoutParams(int,int,float)
    531:571:public AppBarLayout$LayoutParams(android.support.design.widget.AppBarLayout$LayoutParams)
    585:586:public void setScrollFlags(int)
    610:611:public void setScrollInterpolator(android.view.animation.Interpolator)
android.support.design.widget.AppBarLayout$LayoutParams$ScrollFlags
android.support.design.widget.AppBarLayout$ScrollingViewBehavior:
    1280:1281:public void setOverlayTop(int)
    1287:1287:public int getOverlayTop()
    1180:1180:public bridge synthetic int getLeftAndRightOffset()
    1180:1180:public bridge synthetic boolean setLeftAndRightOffset(int)
android.support.design.widget.CircularBorderDrawable:
    private static final float DRAW_STROKE_WIDTH_MULTIPLE